<?xml version="1.0" encoding="UTF-8"?>
<!-- Generated by org.testng.reporters.JUnitReportReporter -->
<testsuite hostname="chinniraja" failures="0" tests="1" name="testScripts.SignInValidation_Script" time="8.176" errors="0" timestamp="2021-02-11T11:02:47 EST" skipped="0">
  <testcase classname="testScripts.SignInValidation_Script" name="NavigateToSignInPage" time="8.176"/>
  <system-out/>
</testsuite> <!-- testScripts.SignInValidation_Script -->
